cc -MM *.c > .depend
cc -g -Wall -Werror -D_GNU_SOURCE   -c -o test_thread.o test_thread.c
cc -g -Wall -Werror -D_GNU_SOURCE   -c -o thread.o thread.c
cc -g -Wall -Werror -D_GNU_SOURCE   -c -o interrupt.o interrupt.c
cc -g -Wall -Werror -D_GNU_SOURCE    show_ucontext.c test_thread.o thread.o interrupt.o   -o show_ucontext
cc -g -Wall -Werror -D_GNU_SOURCE    show_handler.c test_thread.o thread.o interrupt.o   -o show_handler
cc -g -Wall -Werror -D_GNU_SOURCE    test_basic.c test_thread.o thread.o interrupt.o   -o test_basic
cc -g -Wall -Werror -D_GNU_SOURCE    test_preemptive.c test_thread.o thread.o interrupt.o   -o test_preemptive
cc -g -Wall -Werror -D_GNU_SOURCE    test_wakeup.c test_thread.o thread.o interrupt.o   -o test_wakeup
cc -g -Wall -Werror -D_GNU_SOURCE    test_wakeup_all.c test_thread.o thread.o interrupt.o   -o test_wakeup_all
cc -g -Wall -Werror -D_GNU_SOURCE    test_lock.c test_thread.o thread.o interrupt.o   -o test_lock
cc -g -Wall -Werror -D_GNU_SOURCE    test_cv_signal.c test_thread.o thread.o interrupt.o   -o test_cv_signal
cc -g -Wall -Werror -D_GNU_SOURCE    test_cv_broadcast.c test_thread.o thread.o interrupt.o   -o test_cv_broadcast
Running: /cad2/ece344f/tester/scripts/lab3-01-preemptive.py 
preemptive test
running 3 times
Traceback (most recent call last):
  File "/cad2/ece344f/tester/scripts/lab3-01-preemptive.py", line 115, in <module>
    main()
  File "/cad2/ece344f/tester/scripts/lab3-01-preemptive.py", line 108, in main
    experiment(test)
  File "/cad2/ece344f/tester/scripts/lab3-01-preemptive.py", line 89, in experiment
    result = preemptive_test(test, threads, total_time)
  File "/cad2/ece344f/tester/scripts/lab3-01-preemptive.py", line 22, in preemptive_test
    '^preemptive test done\r\n'])
  File "/nfs/ug/cad/cad2/ece344f/tester/scripts/tester.py", line 81, in look
    index = self.program.expect(result)
  File "/usr/lib/python2.7/dist-packages/pexpect/__init__.py", line 1418, in expect
    timeout, searchwindowsize)
  File "/usr/lib/python2.7/dist-packages/pexpect/__init__.py", line 1433, in expect_list
    timeout, searchwindowsize)
  File "/usr/lib/python2.7/dist-packages/pexpect/__init__.py", line 1502, in expect_loop
    c = self.read_nonblocking(self.maxread, timeout)
  File "/usr/lib/python2.7/dist-packages/pexpect/__init__.py", line 901, in read_nonblocking
    r, w, e = self.__select([self.child_fd], [], [], timeout)
  File "/usr/lib/python2.7/dist-packages/pexpect/__init__.py", line 1680, in __select
    return select.select(iwtd, owtd, ewtd, timeout)
KeyboardInterrupt
